This is XeTeX, Version 3.141592653-2.6-0.999993 (TeX Live 2021/W32TeX) (preloaded format=xelatex 2022.2.21)  21 FEB 2022 15:37
entering extended mode
 restricted \write18 enabled.
 %&-line parsing enabled.
**_main.tex
(./_main.tex
LaTeX2e <2021-11-15> patch level 1
L3 programming layer <2022-02-05> (c:/Users/Kristof Dorau/AppData/Roaming/TinyTeX/texmf-dist/tex/latex/base/article.cls
Document Class: article 2021/10/04 v1.4n Standard LaTeX document class
(c:/Users/Kristof Dorau/AppData/Roaming/TinyTeX/texmf-dist/tex/latex/base/size10.clo
File: size10.clo 2021/10/04 v1.4n Standard LaTeX file (size option)
)
\c@part=\count181
\c@section=\count182
\c@subsection=\count183
\c@subsubsection=\count184
\c@paragraph=\count185
\c@subparagraph=\count186
\c@figure=\count187
\c@table=\count188
\abovecaptionskip=\skip47
\belowcaptionskip=\skip48
\bibindent=\dimen138
) (c:/Users/Kristof Dorau/AppData/Roaming/TinyTeX/texmf-dist/tex/latex/amsmath/amsmath.sty
Package: amsmath 2021/10/15 v2.17l AMS math features
\@mathmargin=\skip49
For additional information on amsmath, use the `?' option.
(c:/Users/Kristof Dorau/AppData/Roaming/TinyTeX/texmf-dist/tex/latex/amsmath/amstext.sty
Package: amstext 2021/08/26 v2.01 AMS text
(c:/Users/Kristof Dorau/AppData/Roaming/TinyTeX/texmf-dist/tex/latex/amsmath/amsgen.sty
File: amsgen.sty 1999/11/30 v2.0 generic functions
\@emptytoks=\toks16
\ex@=\dimen139
)) (c:/Users/Kristof Dorau/AppData/Roaming/TinyTeX/texmf-dist/tex/latex/amsmath/amsbsy.sty
Package: amsbsy 1999/11/29 v1.2d Bold Symbols
\pmbraise@=\dimen140
) (c:/Users/Kristof Dorau/AppData/Roaming/TinyTeX/texmf-dist/tex/latex/amsmath/amsopn.sty
Package: amsopn 2021/08/26 v2.02 operator names
)
\inf@bad=\count189
LaTeX Info: Redefining \frac on input line 234.
\uproot@=\count190
\leftroot@=\count191
LaTeX Info: Redefining \overline on input line 399.
\classnum@=\count192
\DOTSCASE@=\count193
LaTeX Info: Redefining \ldots on input line 496.
LaTeX Info: Redefining \dots on input line 499.
LaTeX Info: Redefining \cdots on input line 620.
\Mathstrutbox@=\box50
\strutbox@=\box51
\big@size=\dimen141
LaTeX Font Info:    Redeclaring font encoding OML on input line 743.
LaTeX Font Info:    Redeclaring font encoding OMS on input line 744.
\macc@depth=\count194
\c@MaxMatrixCols=\count195
\dotsspace@=\muskip16
\c@parentequation=\count196
\dspbrk@lvl=\count197
\tag@help=\toks17
\row@=\count198
\column@=\count199
\maxfields@=\count266
\andhelp@=\toks18
\eqnshift@=\dimen142
\alignsep@=\dimen143
\tagshift@=\dimen144
\tagwidth@=\dimen145
\totwidth@=\dimen146
\lineht@=\dimen147
\@envbody=\toks19
\multlinegap=\skip50
\multlinetaggap=\skip51
\mathdisplay@stack=\toks20
LaTeX Info: Redefining \[ on input line 2938.
LaTeX Info: Redefining \] on input line 2939.
) (c:/Users/Kristof Dorau/AppData/Roaming/TinyTeX/texmf-dist/tex/latex/amsfonts/amssymb.sty
Package: amssymb 2013/01/14 v3.01 AMS font symbols
(c:/Users/Kristof Dorau/AppData/Roaming/TinyTeX/texmf-dist/tex/latex/amsfonts/amsfonts.sty
Package: amsfonts 2013/01/14 v3.01 Basic AMSFonts support
\symAMSa=\mathgroup4
\symAMSb=\mathgroup5
LaTeX Font Info:    Redeclaring math symbol \hbar on input line 98.
LaTeX Font Info:    Overwriting math alphabet `\mathfrak' in version `bold'
(Font)                  U/euf/m/n --> U/euf/b/n on input line 106.
)) (c:/Users/Kristof Dorau/AppData/Roaming/TinyTeX/texmf-dist/tex/latex/lm/lmodern.sty
Package: lmodern 2015/05/01 v1.6.1 Latin Modern Fonts
LaTeX Font Info:    Overwriting symbol font `operators' in version `normal'
(Font)                  OT1/cmr/m/n --> OT1/lmr/m/n on input line 22.
LaTeX Font Info:    Overwriting symbol font `letters' in version `normal'
(Font)                  OML/cmm/m/it --> OML/lmm/m/it on input line 23.
LaTeX Font Info:    Overwriting symbol font `symbols' in version `normal'
(Font)                  OMS/cmsy/m/n --> OMS/lmsy/m/n on input line 24.
LaTeX Font Info:    Overwriting symbol font `largesymbols' in version `normal'
(Font)                  OMX/cmex/m/n --> OMX/lmex/m/n on input line 25.
LaTeX Font Info:    Overwriting symbol font `operators' in version `bold'
(Font)                  OT1/cmr/bx/n --> OT1/lmr/bx/n on input line 26.
LaTeX Font Info:    Overwriting symbol font `letters' in version `bold'
(Font)                  OML/cmm/b/it --> OML/lmm/b/it on input line 27.
LaTeX Font Info:    Overwriting symbol font `symbols' in version `bold'
(Font)                  OMS/cmsy/b/n --> OMS/lmsy/b/n on input line 28.
LaTeX Font Info:    Overwriting symbol font `largesymbols' in version `bold'
(Font)                  OMX/cmex/m/n --> OMX/lmex/m/n on input line 29.
LaTeX Font Info:    Overwriting math alphabet `\mathbf' in version `normal'
(Font)                  OT1/cmr/bx/n --> OT1/lmr/bx/n on input line 31.
LaTeX Font Info:    Overwriting math alphabet `\mathsf' in version `normal'
(Font)                  OT1/cmss/m/n --> OT1/lmss/m/n on input line 32.
LaTeX Font Info:    Overwriting math alphabet `\mathit' in version `normal'
(Font)                  OT1/cmr/m/it --> OT1/lmr/m/it on input line 33.
LaTeX Font Info:    Overwriting math alphabet `\mathtt' in version `normal'
(Font)                  OT1/cmtt/m/n --> OT1/lmtt/m/n on input line 34.
LaTeX Font Info:    Overwriting math alphabet `\mathbf' in version `bold'
(Font)                  OT1/cmr/bx/n --> OT1/lmr/bx/n on input line 35.
LaTeX Font Info:    Overwriting math alphabet `\mathsf' in version `bold'
(Font)                  OT1/cmss/bx/n --> OT1/lmss/bx/n on input line 36.
LaTeX Font Info:    Overwriting math alphabet `\mathit' in version `bold'
(Font)                  OT1/cmr/bx/it --> OT1/lmr/bx/it on input line 37.
LaTeX Font Info:    Overwriting math alphabet `\mathtt' in version `bold'
(Font)                  OT1/cmtt/m/n --> OT1/lmtt/m/n on input line 38.
) (c:/Users/Kristof Dorau/AppData/Roaming/TinyTeX/texmf-dist/tex/generic/iftex/iftex.sty
Package: iftex 2022/02/03 v1.0f TeX engine tests
) (c:/Users/Kristof Dorau/AppData/Roaming/TinyTeX/texmf-dist/tex/latex/unicode-math/unicode-math.sty (c:/Users/Kristof Dorau/AppData/Roaming/TinyTeX/texmf-dist/tex/latex/l3kernel/expl3.sty
Package: expl3 2022-02-05 L3 programming layer (loader) 
(c:/Users/Kristof Dorau/AppData/Roaming/TinyTeX/texmf-dist/tex/latex/l3backend/l3backend-xetex.def
File: l3backend-xetex.def 2022-02-07 L3 backend support: XeTeX
(|extractbb --version)
\c__kernel_sys_dvipdfmx_version_int=\count267
\l__color_backend_stack_int=\count268
\g__color_backend_stack_int=\count269
\g__graphics_track_int=\count270
\l__pdf_internal_box=\box52
\g__pdf_backend_object_int=\count271
\g__pdf_backend_annotation_int=\count272
\g__pdf_backend_link_int=\count273
))
Package: unicode-math 2020/01/31 v0.8q Unicode maths in XeLaTeX and LuaLaTeX
(c:/Users/Kristof Dorau/AppData/Roaming/TinyTeX/texmf-dist/tex/latex/unicode-math/unicode-math-xetex.sty
Package: unicode-math-xetex 2020/01/31 v0.8q Unicode maths in XeLaTeX and LuaLaTeX
(c:/Users/Kristof Dorau/AppData/Roaming/TinyTeX/texmf-dist/tex/latex/l3packages/xparse/xparse.sty
Package: xparse 2022-01-12 L3 Experimental document command parser
) (c:/Users/Kristof Dorau/AppData/Roaming/TinyTeX/texmf-dist/tex/latex/l3packages/l3keys2e/l3keys2e.sty
Package: l3keys2e 2022-01-12 LaTeX2e option processing using LaTeX3 keys
) (c:/Users/Kristof Dorau/AppData/Roaming/TinyTeX/texmf-dist/tex/latex/fontspec/fontspec.sty
Package: fontspec 2022/01/15 v2.8a Font selection for XeLaTeX and LuaLaTeX
(c:/Users/Kristof Dorau/AppData/Roaming/TinyTeX/texmf-dist/tex/latex/fontspec/fontspec-xetex.sty
Package: fontspec-xetex 2022/01/15 v2.8a Font selection for XeLaTeX and LuaLaTeX
\l__fontspec_script_int=\count274
\l__fontspec_language_int=\count275
\l__fontspec_strnum_int=\count276
\l__fontspec_tmp_int=\count277
\l__fontspec_tmpa_int=\count278
\l__fontspec_tmpb_int=\count279
\l__fontspec_tmpc_int=\count280
\l__fontspec_em_int=\count281
\l__fontspec_emdef_int=\count282
\l__fontspec_strong_int=\count283
\l__fontspec_strongdef_int=\count284
\l__fontspec_tmpa_dim=\dimen148
\l__fontspec_tmpb_dim=\dimen149
\l__fontspec_tmpc_dim=\dimen150
(c:/Users/Kristof Dorau/AppData/Roaming/TinyTeX/texmf-dist/tex/latex/base/fontenc.sty
Package: fontenc 2021/04/29 v2.0v Standard LaTeX package
) (c:/Users/Kristof Dorau/AppData/Roaming/TinyTeX/texmf-dist/tex/latex/fontspec/fontspec.cfg))) (c:/Users/Kristof Dorau/AppData/Roaming/TinyTeX/texmf-dist/tex/latex/base/fix-cm.sty
Package: fix-cm 2020/11/24 v1.1t fixes to LaTeX
(c:/Users/Kristof Dorau/AppData/Roaming/TinyTeX/texmf-dist/tex/latex/base/ts1enc.def
File: ts1enc.def 2001/06/05 v3.0e (jk/car/fm) Standard LaTeX file
LaTeX Font Info:    Redeclaring font encoding TS1 on input line 47.
))
\g__um_fam_int=\count285
\g__um_fonts_used_int=\count286
\l__um_primecount_int=\count287
\g__um_primekern_muskip=\muskip17
(c:/Users/Kristof Dorau/AppData/Roaming/TinyTeX/texmf-dist/tex/latex/unicode-math/unicode-math-table.tex))) (c:/Users/Kristof Dorau/AppData/Roaming/TinyTeX/texmf-dist/tex/latex/xcolor/xcolor.sty
Package: xcolor 2021/10/31 v2.13 LaTeX color extensions (UK)
(c:/Users/Kristof Dorau/AppData/Roaming/TinyTeX/texmf-dist/tex/latex/graphics-cfg/color.cfg
File: color.cfg 2016/01/02 v1.6 sample color configuration
)
Package xcolor Info: Driver file: xetex.def on input line 227.
(c:/Users/Kristof Dorau/AppData/Roaming/TinyTeX/texmf-dist/tex/latex/graphics-def/xetex.def
File: xetex.def 2021/03/18 v5.0k Graphics/color driver for xetex
)
Package xcolor Info: Model `cmy' substituted by `cmy0' on input line 1352.
Package xcolor Info: Model `RGB' extended on input line 1368.
Package xcolor Info: Model `HTML' substituted by `rgb' on input line 1370.
Package xcolor Info: Model `Hsb' substituted by `hsb' on input line 1371.
Package xcolor Info: Model `tHsb' substituted by `hsb' on input line 1372.
Package xcolor Info: Model `HSB' substituted by `hsb' on input line 1373.
Package xcolor Info: Model `Gray' substituted by `gray' on input line 1374.
Package xcolor Info: Model `wave' substituted by `hsb' on input line 1375.
) (c:/Users/Kristof Dorau/AppData/Roaming/TinyTeX/texmf-dist/tex/latex/hyperref/hyperref.sty
Package: hyperref 2021-06-07 v7.00m Hypertext links for LaTeX
(c:/Users/Kristof Dorau/AppData/Roaming/TinyTeX/texmf-dist/tex/generic/ltxcmds/ltxcmds.sty
Package: ltxcmds 2020-05-10 v1.25 LaTeX kernel commands for general use (HO)
) (c:/Users/Kristof Dorau/AppData/Roaming/TinyTeX/texmf-dist/tex/generic/pdftexcmds/pdftexcmds.sty
Package: pdftexcmds 2020-06-27 v0.33 Utility functions of pdfTeX for LuaTeX (HO)
(c:/Users/Kristof Dorau/AppData/Roaming/TinyTeX/texmf-dist/tex/generic/infwarerr/infwarerr.sty
Package: infwarerr 2019/12/03 v1.5 Providing info/warning/error messages (HO)
)
Package pdftexcmds Info: \pdf@primitive is available.
Package pdftexcmds Info: \pdf@ifprimitive is available.
Package pdftexcmds Info: \pdfdraftmode not found.
) (c:/Users/Kristof Dorau/AppData/Roaming/TinyTeX/texmf-dist/tex/latex/graphics/keyval.sty
Package: keyval 2014/10/28 v1.15 key=value parser (DPC)
\KV@toks@=\toks21
) (c:/Users/Kristof Dorau/AppData/Roaming/TinyTeX/texmf-dist/tex/generic/kvsetkeys/kvsetkeys.sty
Package: kvsetkeys 2019/12/15 v1.18 Key value parser (HO)
) (c:/Users/Kristof Dorau/AppData/Roaming/TinyTeX/texmf-dist/tex/generic/kvdefinekeys/kvdefinekeys.sty
Package: kvdefinekeys 2019-12-19 v1.6 Define keys (HO)
) (c:/Users/Kristof Dorau/AppData/Roaming/TinyTeX/texmf-dist/tex/generic/pdfescape/pdfescape.sty
Package: pdfescape 2019/12/09 v1.15 Implements pdfTeX's escape features (HO)
) (c:/Users/Kristof Dorau/AppData/Roaming/TinyTeX/texmf-dist/tex/latex/hycolor/hycolor.sty
Package: hycolor 2020-01-27 v1.10 Color options for hyperref/bookmark (HO)
) (c:/Users/Kristof Dorau/AppData/Roaming/TinyTeX/texmf-dist/tex/latex/letltxmacro/letltxmacro.sty
Package: letltxmacro 2019/12/03 v1.6 Let assignment for LaTeX macros (HO)
) (c:/Users/Kristof Dorau/AppData/Roaming/TinyTeX/texmf-dist/tex/latex/auxhook/auxhook.sty
Package: auxhook 2019-12-17 v1.6 Hooks for auxiliary files (HO)
) (c:/Users/Kristof Dorau/AppData/Roaming/TinyTeX/texmf-dist/tex/latex/kvoptions/kvoptions.sty
Package: kvoptions 2020-10-07 v3.14 Key value format for package options (HO)
)
\@linkdim=\dimen151
\Hy@linkcounter=\count288
\Hy@pagecounter=\count289
(c:/Users/Kristof Dorau/AppData/Roaming/TinyTeX/texmf-dist/tex/latex/hyperref/pd1enc.def
File: pd1enc.def 2021-06-07 v7.00m Hyperref: PDFDocEncoding definition (HO)
) (c:/Users/Kristof Dorau/AppData/Roaming/TinyTeX/texmf-dist/tex/latex/hyperref/hyperref-langpatches.def
File: hyperref-langpatches.def 2021-06-07 v7.00m Hyperref: patches for babel languages
) (c:/Users/Kristof Dorau/AppData/Roaming/TinyTeX/texmf-dist/tex/generic/intcalc/intcalc.sty
Package: intcalc 2019/12/15 v1.3 Expandable calculations with integers (HO)
) (c:/Users/Kristof Dorau/AppData/Roaming/TinyTeX/texmf-dist/tex/generic/etexcmds/etexcmds.sty
Package: etexcmds 2019/12/15 v1.7 Avoid name clashes with e-TeX commands (HO)
)
\Hy@SavedSpaceFactor=\count290
(c:/Users/Kristof Dorau/AppData/Roaming/TinyTeX/texmf-dist/tex/latex/hyperref/puenc.def
File: puenc.def 2021-06-07 v7.00m Hyperref: PDF Unicode definition (HO)
)
Package hyperref Info: Option `unicode' set `true' on input line 4073.
Package hyperref Info: Hyper figures OFF on input line 4192.
Package hyperref Info: Link nesting OFF on input line 4197.
Package hyperref Info: Hyper index ON on input line 4200.
Package hyperref Info: Plain pages OFF on input line 4207.
Package hyperref Info: Backreferencing OFF on input line 4212.
Package hyperref Info: Implicit mode ON; LaTeX internals redefined.
Package hyperref Info: Bookmarks ON on input line 4445.
\c@Hy@tempcnt=\count291
(c:/Users/Kristof Dorau/AppData/Roaming/TinyTeX/texmf-dist/tex/latex/url/url.sty
\Urlmuskip=\muskip18
Package: url 2013/09/16  ver 3.4  Verb mode for urls, etc.
)
LaTeX Info: Redefining \url on input line 4804.
\XeTeXLinkMargin=\dimen152
(c:/Users/Kristof Dorau/AppData/Roaming/TinyTeX/texmf-dist/tex/generic/bitset/bitset.sty
Package: bitset 2019/12/09 v1.3 Handle bit-vector datatype (HO)
(c:/Users/Kristof Dorau/AppData/Roaming/TinyTeX/texmf-dist/tex/generic/bigintcalc/bigintcalc.sty
Package: bigintcalc 2019/12/15 v1.5 Expandable calculations on big integers (HO)
))
\Fld@menulength=\count292
\Field@Width=\dimen153
\Fld@charsize=\dimen154
Package hyperref Info: Hyper figures OFF on input line 6076.
Package hyperref Info: Link nesting OFF on input line 6081.
Package hyperref Info: Hyper index ON on input line 6084.
Package hyperref Info: backreferencing OFF on input line 6091.
Package hyperref Info: Link coloring OFF on input line 6096.
Package hyperref Info: Link coloring with OCG OFF on input line 6101.
Package hyperref Info: PDF/A mode OFF on input line 6106.
LaTeX Info: Redefining \ref on input line 6146.
LaTeX Info: Redefining \pageref on input line 6150.
(c:/Users/Kristof Dorau/AppData/Roaming/TinyTeX/texmf-dist/tex/latex/base/atbegshi-ltx.sty
Package: atbegshi-ltx 2021/01/10 v1.0c Emulation of the original atbegshi
package with kernel methods
)
\Hy@abspage=\count293
\c@Item=\count294
\c@Hfootnote=\count295
)
Package hyperref Info: Driver (autodetected): hxetex.
(c:/Users/Kristof Dorau/AppData/Roaming/TinyTeX/texmf-dist/tex/latex/hyperref/hxetex.def
File: hxetex.def 2021-06-07 v7.00m Hyperref driver for XeTeX
(c:/Users/Kristof Dorau/AppData/Roaming/TinyTeX/texmf-dist/tex/generic/stringenc/stringenc.sty
Package: stringenc 2019/11/29 v1.12 Convert strings between diff. encodings (HO)
)
\pdfm@box=\box53
\c@Hy@AnnotLevel=\count296
\HyField@AnnotCount=\count297
\Fld@listcount=\count298
\c@bookmark@seq@number=\count299
(c:/Users/Kristof Dorau/AppData/Roaming/TinyTeX/texmf-dist/tex/latex/rerunfilecheck/rerunfilecheck.sty
Package: rerunfilecheck 2019/12/05 v1.9 Rerun checks for auxiliary files (HO)
(c:/Users/Kristof Dorau/AppData/Roaming/TinyTeX/texmf-dist/tex/latex/base/atveryend-ltx.sty
Package: atveryend-ltx 2020/08/19 v1.0a Emulation of the original atveryend package
with kernel methods
) (c:/Users/Kristof Dorau/AppData/Roaming/TinyTeX/texmf-dist/tex/generic/uniquecounter/uniquecounter.sty
Package: uniquecounter 2019/12/15 v1.4 Provide unlimited unique counter (HO)
)
Package uniquecounter Info: New unique counter `rerunfilecheck' on input line 286.
)
\Hy@SectionHShift=\skip52
) (c:/Users/Kristof Dorau/AppData/Roaming/TinyTeX/texmf-dist/tex/latex/geometry/geometry.sty
Package: geometry 2020/01/02 v5.9 Page Geometry
(c:/Users/Kristof Dorau/AppData/Roaming/TinyTeX/texmf-dist/tex/generic/iftex/ifvtex.sty
Package: ifvtex 2019/10/25 v1.7 ifvtex legacy package. Use iftex instead.
)
\Gm@cnth=\count300
\Gm@cntv=\count301
\c@Gm@tempcnt=\count302
\Gm@bindingoffset=\dimen155
\Gm@wd@mp=\dimen156
\Gm@odd@mp=\dimen157
\Gm@even@mp=\dimen158
\Gm@layoutwidth=\dimen159
\Gm@layoutheight=\dimen160
\Gm@layouthoffset=\dimen161
\Gm@layoutvoffset=\dimen162
\Gm@dimlist=\toks22
) (c:/Users/Kristof Dorau/AppData/Roaming/TinyTeX/texmf-dist/tex/latex/tools/longtable.sty
Package: longtable 2021-09-01 v4.17 Multi-page Table package (DPC)
\LTleft=\skip53
\LTright=\skip54
\LTpre=\skip55
\LTpost=\skip56
\LTchunksize=\count303
\LTcapwidth=\dimen163
\LT@head=\box54
\LT@firsthead=\box55
\LT@foot=\box56
\LT@lastfoot=\box57
\LT@gbox=\box58
\LT@cols=\count304
\LT@rows=\count305
\c@LT@tables=\count306
\c@LT@chunks=\count307
\LT@p@ftn=\toks23
) (c:/Users/Kristof Dorau/AppData/Roaming/TinyTeX/texmf-dist/tex/latex/booktabs/booktabs.sty
Package: booktabs 2020/01/12 v1.61803398 Publication quality tables
\heavyrulewidth=\dimen164
\lightrulewidth=\dimen165
\cmidrulewidth=\dimen166
\belowrulesep=\dimen167
\belowbottomsep=\dimen168
\aboverulesep=\dimen169
\abovetopsep=\dimen170
\cmidrulesep=\dimen171
\cmidrulekern=\dimen172
\defaultaddspace=\dimen173
\@cmidla=\count308
\@cmidlb=\count309
\@aboverulesep=\dimen174
\@belowrulesep=\dimen175
\@thisruleclass=\count310
\@lastruleclass=\count311
\@thisrulewidth=\dimen176
) (c:/Users/Kristof Dorau/AppData/Roaming/TinyTeX/texmf-dist/tex/latex/tools/array.sty
Package: array 2021/10/04 v2.5f Tabular extension package (FMi)
\col@sep=\dimen177
\ar@mcellbox=\box59
\extrarowheight=\dimen178
\NC@list=\toks24
\extratabsurround=\skip57
\backup@length=\skip58
\ar@cellbox=\box60
) (c:/Users/Kristof Dorau/AppData/Roaming/TinyTeX/texmf-dist/tex/latex/tools/calc.sty
Package: calc 2017/05/25 v4.3 Infix arithmetic (KKT,FJ)
\calc@Acount=\count312
\calc@Bcount=\count313
\calc@Adimen=\dimen179
\calc@Bdimen=\dimen180
\calc@Askip=\skip59
\calc@Bskip=\skip60
LaTeX Info: Redefining \setlength on input line 80.
LaTeX Info: Redefining \addtolength on input line 81.
\calc@Ccount=\count314
\calc@Cskip=\skip61
) (c:/Users/Kristof Dorau/AppData/Roaming/TinyTeX/texmf-dist/tex/latex/etoolbox/etoolbox.sty
Package: etoolbox 2020/10/05 v2.5k e-TeX tools for LaTeX (JAW)
\etb@tempcnta=\count315
) (c:/Users/Kristof Dorau/AppData/Roaming/TinyTeX/texmf-dist/tex/latex/mdwtools/footnote.sty
Package: footnote 1997/01/28 1.13 Save footnotes around boxes
\fn@notes=\box61
\fn@width=\dimen181
) (c:/Users/Kristof Dorau/AppData/Roaming/TinyTeX/texmf-dist/tex/latex/graphics/graphicx.sty
Package: graphicx 2021/09/16 v1.2d Enhanced LaTeX Graphics (DPC,SPQR)
(c:/Users/Kristof Dorau/AppData/Roaming/TinyTeX/texmf-dist/tex/latex/graphics/graphics.sty
Package: graphics 2021/03/04 v1.4d Standard LaTeX Graphics (DPC,SPQR)
(c:/Users/Kristof Dorau/AppData/Roaming/TinyTeX/texmf-dist/tex/latex/graphics/trig.sty
Package: trig 2021/08/11 v1.11 sin cos tan (DPC)
) (c:/Users/Kristof Dorau/AppData/Roaming/TinyTeX/texmf-dist/tex/latex/graphics-cfg/graphics.cfg
File: graphics.cfg 2016/06/04 v1.11 sample graphics configuration
)
Package graphics Info: Driver file: xetex.def on input line 107.
)
\Gin@req@height=\dimen182
\Gin@req@width=\dimen183
) (./_main.aux)
\openout1 = `_main.aux'.

LaTeX Font Info:    Checking defaults for OML/cmm/m/it on input line 80.
LaTeX Font Info:    ... okay on input line 80.
LaTeX Font Info:    Checking defaults for OMS/cmsy/m/n on input line 80.
LaTeX Font Info:    ... okay on input line 80.
LaTeX Font Info:    Checking defaults for OT1/cmr/m/n on input line 80.
LaTeX Font Info:    ... okay on input line 80.
LaTeX Font Info:    Checking defaults for T1/cmr/m/n on input line 80.
LaTeX Font Info:    ... okay on input line 80.
LaTeX Font Info:    Checking defaults for TS1/cmr/m/n on input line 80.
LaTeX Font Info:    ... okay on input line 80.
LaTeX Font Info:    Checking defaults for TU/lmr/m/n on input line 80.
LaTeX Font Info:    ... okay on input line 80.
LaTeX Font Info:    Checking defaults for OMX/cmex/m/n on input line 80.
LaTeX Font Info:    ... okay on input line 80.
LaTeX Font Info:    Checking defaults for U/cmr/m/n on input line 80.
LaTeX Font Info:    ... okay on input line 80.
LaTeX Font Info:    Checking defaults for PD1/pdf/m/n on input line 80.
LaTeX Font Info:    ... okay on input line 80.
LaTeX Font Info:    Checking defaults for PU/pdf/m/n on input line 80.
LaTeX Font Info:    ... okay on input line 80.
LaTeX Font Info:    Overwriting math alphabet `\mathrm' in version `normal'
(Font)                  OT1/lmr/m/n --> TU/lmr/m/n on input line 80.
LaTeX Font Info:    Overwriting math alphabet `\mathit' in version `normal'
(Font)                  OT1/lmr/m/it --> TU/lmr/m/it on input line 80.
LaTeX Font Info:    Overwriting math alphabet `\mathbf' in version `normal'
(Font)                  OT1/lmr/bx/n --> TU/lmr/bx/n on input line 80.
LaTeX Font Info:    Overwriting math alphabet `\mathsf' in version `normal'
(Font)                  OT1/lmss/m/n --> TU/lmss/m/n on input line 80.
LaTeX Font Info:    Overwriting math alphabet `\mathsf' in version `bold'
(Font)                  OT1/lmss/bx/n --> TU/lmss/bx/n on input line 80.
LaTeX Font Info:    Overwriting math alphabet `\mathtt' in version `normal'
(Font)                  OT1/lmtt/m/n --> TU/lmtt/m/n on input line 80.
LaTeX Font Info:    Overwriting math alphabet `\mathtt' in version `bold'
(Font)                  OT1/lmtt/m/n --> TU/lmtt/bx/n on input line 80.

Package fontspec Info: latinmodern-math scale = 0.9999964596882403.


Package fontspec Info: latinmodern-math scale = 0.9999964596882403.


Package fontspec Info: latinmodern-math scale = 0.9999964596882403.


Package fontspec Info: Font family 'latinmodern-math.otf(0)' created for font
(fontspec)             'latinmodern-math.otf' with options
(fontspec)             [Scale=MatchLowercase,BoldItalicFont={},ItalicFont={},SmallCapsFont={},Script=Math,BoldFont={latinmodern-math.otf}].
(fontspec)              
(fontspec)              This font family consists of the following NFSS
(fontspec)             series/shapes:
(fontspec)              
(fontspec)             - 'normal' (m/n) with NFSS spec.:
(fontspec)             <->s*[0.9999964596882403]"[latinmodern-math.otf]/OT:script=math;language=dflt;"
(fontspec)             - 'small caps'  (m/sc) with NFSS spec.: 
(fontspec)             - 'bold' (b/n) with NFSS spec.:
(fontspec)             <->s*[0.9999964596882403]"[latinmodern-math.otf]/OT:script=math;language=dflt;"
(fontspec)             - 'bold small caps'  (b/sc) with NFSS spec.: 

LaTeX Font Info:    Font shape `TU/latinmodern-math.otf(0)/m/n' will be
(Font)              scaled to size 10.0pt on input line 80.

Package fontspec Info: latinmodern-math scale = 0.9999964596882403.


Package fontspec Info: latinmodern-math scale = 0.9999964596882403.


Package fontspec Info: latinmodern-math scale = 0.9999964596882403.


Package fontspec Info: latinmodern-math scale = 0.9999964596882403.


Package fontspec Info: latinmodern-math scale = 0.9999964596882403.


Package fontspec Info: Font family 'latinmodern-math.otf(1)' created for font
(fontspec)             'latinmodern-math.otf' with options
(fontspec)             [Scale=MatchLowercase,BoldItalicFont={},ItalicFont={},SmallCapsFont={},Script=Math,SizeFeatures={{Size=8.5-},{Size=6-8.5,Font=latinmodern-math.otf,Style=MathScript},{Size=-6,Font=latinmodern-math.otf,Style=MathScriptScript}},BoldFont={latinmodern-math.otf}].
(fontspec)              
(fontspec)              This font family consists of the following NFSS
(fontspec)             series/shapes:
(fontspec)              
(fontspec)             - 'normal' (m/n) with NFSS spec.:
(fontspec)             <8.5->s*[0.9999964596882403]"[latinmodern-math.otf]/OT:script=math;language=dflt;"<6-8.5>s*[0.9999964596882403]"[latinmodern-math.otf]/OT:script=math;language=dflt;+ssty=0;"<-6>s*[0.9999964596882403]"[latinmodern-math.otf]/OT:script=math;language=dflt;+ssty=1;"
(fontspec)             - 'small caps'  (m/sc) with NFSS spec.: 
(fontspec)             - 'bold' (b/n) with NFSS spec.:
(fontspec)             <->s*[0.9999964596882403]"[latinmodern-math.otf]/OT:script=math;language=dflt;"
(fontspec)             - 'bold small caps'  (b/sc) with NFSS spec.: 

LaTeX Font Info:    Font shape `TU/latinmodern-math.otf(1)/m/n' will be
(Font)              scaled to size 10.0pt on input line 80.
LaTeX Font Info:    Encoding `OT1' has changed to `TU' for symbol font
(Font)              `operators' in the math version `normal' on input line 80.
LaTeX Font Info:    Overwriting symbol font `operators' in version `normal'
(Font)                  OT1/lmr/m/n --> TU/latinmodern-math.otf(1)/m/n on input line 80.
LaTeX Font Info:    Encoding `OT1' has changed to `TU' for symbol font
(Font)              `operators' in the math version `bold' on input line 80.
LaTeX Font Info:    Overwriting symbol font `operators' in version `bold'
(Font)                  OT1/lmr/bx/n --> TU/latinmodern-math.otf(1)/b/n on input line 80.

Package fontspec Info: latinmodern-math scale = 0.9999964596882403.


Package fontspec Info: latinmodern-math scale = 1.000096459334209.


Package fontspec Info: latinmodern-math scale = 0.9999964596882403.


Package fontspec Info: latinmodern-math scale = 1.000096459334209.


Package fontspec Info: latinmodern-math scale = 0.9999964596882403.


Package fontspec Info: latinmodern-math scale = 1.000096459334209.


Package fontspec Info: latinmodern-math scale = 0.9999964596882403.


Package fontspec Info: latinmodern-math scale = 1.000096459334209.


Package fontspec Info: latinmodern-math scale = 0.9999964596882403.


Package fontspec Info: latinmodern-math scale = 1.000096459334209.


Package fontspec Info: Font family 'latinmodern-math.otf(2)' created for font
(fontspec)             'latinmodern-math.otf' with options
(fontspec)             [Scale=MatchLowercase,BoldItalicFont={},ItalicFont={},SmallCapsFont={},Script=Math,SizeFeatures={{Size=8.5-},{Size=6-8.5,Font=latinmodern-math.otf,Style=MathScript},{Size=-6,Font=latinmodern-math.otf,Style=MathScriptScript}},BoldFont={latinmodern-math.otf},ScaleAgain=1.0001,FontAdjustment={\fontdimen
(fontspec)             8\font =6.77pt\relax \fontdimen 9\font =3.94pt\relax
(fontspec)             \fontdimen 10\font =4.44pt\relax \fontdimen 11\font
(fontspec)             =6.86pt\relax \fontdimen 12\font =3.45pt\relax
(fontspec)             \fontdimen 13\font =3.63pt\relax \fontdimen 14\font
(fontspec)             =3.63pt\relax \fontdimen 15\font =2.89pt\relax
(fontspec)             \fontdimen 16\font =2.47pt\relax \fontdimen 17\font
(fontspec)             =2.47pt\relax \fontdimen 18\font =2.5pt\relax
(fontspec)             \fontdimen 19\font =2.0pt\relax \fontdimen 22\font
(fontspec)             =2.5pt\relax \fontdimen 20\font =0pt\relax \fontdimen
(fontspec)             21\font =0pt\relax }].
(fontspec)              
(fontspec)              This font family consists of the following NFSS
(fontspec)             series/shapes:
(fontspec)              
(fontspec)             - 'normal' (m/n) with NFSS spec.:
(fontspec)             <8.5->s*[1.000096459334209]"[latinmodern-math.otf]/OT:script=math;language=dflt;"<6-8.5>s*[1.000096459334209]"[latinmodern-math.otf]/OT:script=math;language=dflt;+ssty=0;"<-6>s*[1.000096459334209]"[latinmodern-math.otf]/OT:script=math;language=dflt;+ssty=1;"
(fontspec)             - 'small caps'  (m/sc) with NFSS spec.: 
(fontspec)             and font adjustment code:
(fontspec)             \fontdimen 8\font =6.77pt\relax \fontdimen 9\font
(fontspec)             =3.94pt\relax \fontdimen 10\font =4.44pt\relax
(fontspec)             \fontdimen 11\font =6.86pt\relax \fontdimen 12\font
(fontspec)             =3.45pt\relax \fontdimen 13\font =3.63pt\relax
(fontspec)             \fontdimen 14\font =3.63pt\relax \fontdimen 15\font
(fontspec)             =2.89pt\relax \fontdimen 16\font =2.47pt\relax
(fontspec)             \fontdimen 17\font =2.47pt\relax \fontdimen 18\font
(fontspec)             =2.5pt\relax \fontdimen 19\font =2.0pt\relax \fontdimen
(fontspec)             22\font =2.5pt\relax \fontdimen 20\font =0pt\relax
(fontspec)             \fontdimen 21\font =0pt\relax 
(fontspec)             - 'bold' (b/n) with NFSS spec.:
(fontspec)             <->s*[1.000096459334209]"[latinmodern-math.otf]/OT:script=math;language=dflt;"
(fontspec)             - 'bold small caps'  (b/sc) with NFSS spec.: 
(fontspec)             and font adjustment code:
(fontspec)             \fontdimen 8\font =6.77pt\relax \fontdimen 9\font
(fontspec)             =3.94pt\relax \fontdimen 10\font =4.44pt\relax
(fontspec)             \fontdimen 11\font =6.86pt\relax \fontdimen 12\font
(fontspec)             =3.45pt\relax \fontdimen 13\font =3.63pt\relax
(fontspec)             \fontdimen 14\font =3.63pt\relax \fontdimen 15\font
(fontspec)             =2.89pt\relax \fontdimen 16\font =2.47pt\relax
(fontspec)             \fontdimen 17\font =2.47pt\relax \fontdimen 18\font
(fontspec)             =2.5pt\relax \fontdimen 19\font =2.0pt\relax \fontdimen
(fontspec)             22\font =2.5pt\relax \fontdimen 20\font =0pt\relax
(fontspec)             \fontdimen 21\font =0pt\relax 

LaTeX Font Info:    Encoding `OMS' has changed to `TU' for symbol font
(Font)              `symbols' in the math version `normal' on input line 80.
LaTeX Font Info:    Overwriting symbol font `symbols' in version `normal'
(Font)                  OMS/lmsy/m/n --> TU/latinmodern-math.otf(2)/m/n on input line 80.
LaTeX Font Info:    Encoding `OMS' has changed to `TU' for symbol font
(Font)              `symbols' in the math version `bold' on input line 80.
LaTeX Font Info:    Overwriting symbol font `symbols' in version `bold'
(Font)                  OMS/lmsy/b/n --> TU/latinmodern-math.otf(2)/b/n on input line 80.

Package fontspec Info: latinmodern-math scale = 0.9999964596882403.


Package fontspec Info: latinmodern-math scale = 0.9998964600422715.


Package fontspec Info: latinmodern-math scale = 0.9999964596882403.


Package fontspec Info: latinmodern-math scale = 0.9998964600422715.


Package fontspec Info: latinmodern-math scale = 0.9999964596882403.


Package fontspec Info: latinmodern-math scale = 0.9998964600422715.


Package fontspec Info: latinmodern-math scale = 0.9999964596882403.


Package fontspec Info: latinmodern-math scale = 0.9998964600422715.


Package fontspec Info: latinmodern-math scale = 0.9999964596882403.


Package fontspec Info: latinmodern-math scale = 0.9998964600422715.


Package fontspec Info: Font family 'latinmodern-math.otf(3)' created for font
(fontspec)             'latinmodern-math.otf' with options
(fontspec)             [Scale=MatchLowercase,BoldItalicFont={},ItalicFont={},SmallCapsFont={},Script=Math,SizeFeatures={{Size=8.5-},{Size=6-8.5,Font=latinmodern-math.otf,Style=MathScript},{Size=-6,Font=latinmodern-math.otf,Style=MathScriptScript}},BoldFont={latinmodern-math.otf},ScaleAgain=0.9999,FontAdjustment={\fontdimen
(fontspec)             8\font =0.4pt\relax \fontdimen 9\font =2.0pt\relax
(fontspec)             \fontdimen 10\font =1.67pt\relax \fontdimen 11\font
(fontspec)             =1.11pt\relax \fontdimen 12\font =6.0pt\relax
(fontspec)             \fontdimen 13\font =0pt\relax }].
(fontspec)              
(fontspec)              This font family consists of the following NFSS
(fontspec)             series/shapes:
(fontspec)              
(fontspec)             - 'normal' (m/n) with NFSS spec.:
(fontspec)             <8.5->s*[0.9998964600422715]"[latinmodern-math.otf]/OT:script=math;language=dflt;"<6-8.5>s*[0.9998964600422715]"[latinmodern-math.otf]/OT:script=math;language=dflt;+ssty=0;"<-6>s*[0.9998964600422715]"[latinmodern-math.otf]/OT:script=math;language=dflt;+ssty=1;"
(fontspec)             - 'small caps'  (m/sc) with NFSS spec.: 
(fontspec)             and font adjustment code:
(fontspec)             \fontdimen 8\font =0.4pt\relax \fontdimen 9\font
(fontspec)             =2.0pt\relax \fontdimen 10\font =1.67pt\relax
(fontspec)             \fontdimen 11\font =1.11pt\relax \fontdimen 12\font
(fontspec)             =6.0pt\relax \fontdimen 13\font =0pt\relax 
(fontspec)             - 'bold' (b/n) with NFSS spec.:
(fontspec)             <->s*[0.9998964600422715]"[latinmodern-math.otf]/OT:script=math;language=dflt;"
(fontspec)             - 'bold small caps'  (b/sc) with NFSS spec.: 
(fontspec)             and font adjustment code:
(fontspec)             \fontdimen 8\font =0.4pt\relax \fontdimen 9\font
(fontspec)             =2.0pt\relax \fontdimen 10\font =1.67pt\relax
(fontspec)             \fontdimen 11\font =1.11pt\relax \fontdimen 12\font
(fontspec)             =6.0pt\relax \fontdimen 13\font =0pt\relax 

LaTeX Font Info:    Encoding `OMX' has changed to `TU' for symbol font
(Font)              `largesymbols' in the math version `normal' on input line 80.
LaTeX Font Info:    Overwriting symbol font `largesymbols' in version `normal'
(Font)                  OMX/lmex/m/n --> TU/latinmodern-math.otf(3)/m/n on input line 80.
LaTeX Font Info:    Encoding `OMX' has changed to `TU' for symbol font
(Font)              `largesymbols' in the math version `bold' on input line 80.
LaTeX Font Info:    Overwriting symbol font `largesymbols' in version `bold'
(Font)                  OMX/lmex/m/n --> TU/latinmodern-math.otf(3)/b/n on input line 80.
Package hyperref Info: Link coloring OFF on input line 80.
(c:/Users/Kristof Dorau/AppData/Roaming/TinyTeX/texmf-dist/tex/latex/hyperref/nameref.sty
Package: nameref 2021-04-02 v2.47 Cross-referencing by name of section
(c:/Users/Kristof Dorau/AppData/Roaming/TinyTeX/texmf-dist/tex/latex/refcount/refcount.sty
Package: refcount 2019/12/15 v3.6 Data extraction from label references (HO)
) (c:/Users/Kristof Dorau/AppData/Roaming/TinyTeX/texmf-dist/tex/generic/gettitlestring/gettitlestring.sty
Package: gettitlestring 2019/12/15 v1.6 Cleanup title references (HO)
)
\c@section@level=\count316
)
LaTeX Info: Redefining \ref on input line 80.
LaTeX Info: Redefining \pageref on input line 80.
LaTeX Info: Redefining \nameref on input line 80.
(./_main.out) (./_main.out)
\@outlinefile=\write3
\openout3 = `_main.out'.

*geometry* driver: auto-detecting
*geometry* detected driver: xetex
*geometry* verbose mode - [ preamble ] result:
* driver: xetex
* paper: <default>
* layout: <same size as paper>
* layoutoffset:(h,v)=(0.0pt,0.0pt)
* modes: 
* h-part:(L,W,R)=(72.26999pt, 469.75502pt, 72.26999pt)
* v-part:(T,H,B)=(72.26999pt, 650.43001pt, 72.26999pt)
* \paperwidth=614.295pt
* \paperheight=794.96999pt
* \textwidth=469.75502pt
* \textheight=650.43001pt
* \oddsidemargin=0.0pt
* \evensidemargin=0.0pt
* \topmargin=-37.0pt
* \headheight=12.0pt
* \headsep=25.0pt
* \topskip=10.0pt
* \footskip=30.0pt
* \marginparwidth=65.0pt
* \marginparsep=11.0pt
* \columnsep=10.0pt
* \skip\footins=9.0pt plus 4.0pt minus 2.0pt
* \hoffset=0.0pt
* \voffset=0.0pt
* \mag=1000
* \@twocolumnfalse
* \@twosidefalse
* \@mparswitchfalse
* \@reversemarginfalse
* (1in=72.27pt=25.4mm, 1cm=28.453pt)

LaTeX Font Info:    Font shape `TU/latinmodern-math.otf(1)/m/n' will be
(Font)              scaled to size 12.0pt on input line 82.
LaTeX Font Info:    Font shape `TU/latinmodern-math.otf(1)/m/n' will be
(Font)              scaled to size 8.0pt on input line 82.
LaTeX Font Info:    Font shape `TU/latinmodern-math.otf(1)/m/n' will be
(Font)              scaled to size 6.0pt on input line 82.
LaTeX Font Info:    Trying to load font information for OML+lmm on input line 82.
(c:/Users/Kristof Dorau/AppData/Roaming/TinyTeX/texmf-dist/tex/latex/lm/omllmm.fd
File: omllmm.fd 2015/05/01 v1.6.1 Font defs for Latin Modern
)
LaTeX Font Info:    Font shape `TU/latinmodern-math.otf(2)/m/n' will be
(Font)              scaled to size 12.0011pt on input line 82.
LaTeX Font Info:    Font shape `TU/latinmodern-math.otf(2)/m/n' will be
(Font)              scaled to size 8.00073pt on input line 82.
LaTeX Font Info:    Font shape `TU/latinmodern-math.otf(2)/m/n' will be
(Font)              scaled to size 6.00055pt on input line 82.
LaTeX Font Info:    Font shape `TU/latinmodern-math.otf(3)/m/n' will be
(Font)              scaled to size 11.99872pt on input line 82.
LaTeX Font Info:    Font shape `TU/latinmodern-math.otf(3)/m/n' will be
(Font)              scaled to size 7.99915pt on input line 82.
LaTeX Font Info:    Font shape `TU/latinmodern-math.otf(3)/m/n' will be
(Font)              scaled to size 5.99936pt on input line 82.
LaTeX Font Info:    Trying to load font information for U+msa on input line 82.
(c:/Users/Kristof Dorau/AppData/Roaming/TinyTeX/texmf-dist/tex/latex/amsfonts/umsa.fd
File: umsa.fd 2013/01/14 v3.01 AMS symbols A
)
LaTeX Font Info:    Trying to load font information for U+msb on input line 82.
(c:/Users/Kristof Dorau/AppData/Roaming/TinyTeX/texmf-dist/tex/latex/amsfonts/umsb.fd
File: umsb.fd 2013/01/14 v3.01 AMS symbols B
) (./_main.toc
LaTeX Font Info:    Font shape `TU/latinmodern-math.otf(1)/m/n' will be
(Font)              scaled to size 7.0pt on input line 3.
LaTeX Font Info:    Font shape `TU/latinmodern-math.otf(1)/m/n' will be
(Font)              scaled to size 5.0pt on input line 3.
LaTeX Font Info:    Font shape `TU/latinmodern-math.otf(2)/m/n' will be
(Font)              scaled to size 10.00092pt on input line 3.
LaTeX Font Info:    Font shape `TU/latinmodern-math.otf(2)/m/n' will be
(Font)              scaled to size 7.00064pt on input line 3.
LaTeX Font Info:    Font shape `TU/latinmodern-math.otf(2)/m/n' will be
(Font)              scaled to size 5.00046pt on input line 3.
LaTeX Font Info:    Font shape `TU/latinmodern-math.otf(3)/m/n' will be
(Font)              scaled to size 9.99893pt on input line 3.
LaTeX Font Info:    Font shape `TU/latinmodern-math.otf(3)/m/n' will be
(Font)              scaled to size 6.99925pt on input line 3.
LaTeX Font Info:    Font shape `TU/latinmodern-math.otf(3)/m/n' will be
(Font)              scaled to size 4.99947pt on input line 3.
[1

])
\tf@toc=\write4
\openout4 = `_main.toc'.

[2]
File: images/cover.png Graphic file (type bmp)
<images/cover.png>
[3]
File: images/Jana/Bilder_bearbeitet/20210913_115204.jpg Graphic file (type bmp)
<images/Jana/Bilder_bearbeitet/20210913_115204.jpg>

LaTeX Warning: Float too large for page by 24.03883pt on input line 120.

[4] [5]
File: images/Jana/Bilder_bearbeitet/20210913_131349.jpg Graphic file (type bmp)
<images/Jana/Bilder_bearbeitet/20210913_131349.jpg>

Overfull \hbox (241.95982pt too wide) in paragraph at lines 148--149
 [][] 
 []


LaTeX Warning: Float too large for page by 24.05824pt on input line 153.

File: images/Jana/Bilder_bearbeitet/20210913_131624.jpg Graphic file (type bmp)
<images/Jana/Bilder_bearbeitet/20210913_131624.jpg>

Overfull \hbox (2237.40117pt too wide) in paragraph at lines 159--160
 [][] 
 []


LaTeX Warning: Float too large for page by 36.07521pt on input line 164.


Underfull \hbox (badness 10000) in paragraph at lines 171--172
[] [] [][][] [] [][][] [][] [][][][][][][][][][][][][][][] [][] [][][][] [][] [][][][][][][][][][][] [] [][][] [] [][] [] [][][][] [] [][][] [] [][][][][][][][][][][][][][][] [][] [][][] [] [][] []
 []


Overfull \hbox (3.05496pt too wide) in paragraph at lines 171--172
[][][][][][][][][][][][][][] [] [][][][][][][][][][][][][][][] [] [][][][][][][][][][][][][] [] [][][][][][][][][][][][][] [] [][][][] [] [][][][] [] [][][][][][][][][][][][][][][][][][][]$[]\TU/lmr/m/n/10 ,
 []

[6] [7] [8]
File: images/Jana/20210913_134559.jpg Graphic file (type bmp)
<images/Jana/20210913_134559.jpg>

Overfull \hbox (975.95026pt too wide) in paragraph at lines 185--186
 [][] 
 []


LaTeX Warning: Float too large for page by 24.08093pt on input line 190.

File: images/kristof/IMG_9129.jpg Graphic file (type bmp)
<images/kristof/IMG_9129.jpg>

Overfull \hbox (505.50107pt too wide) in paragraph at lines 194--195
 [][] 
 []


LaTeX Warning: Float too large for page by 24.03894pt on input line 199.

File: images/Julia/IMG_20210913_150255.jpg Graphic file (type bmp)
<images/Julia/IMG_20210913_150255.jpg>

Overfull \hbox (18.3692pt too wide) in paragraph at lines 211--212
 [][] 
 []


LaTeX Warning: Float too large for page by 24.05914pt on input line 216.

File: images/Julia/IMG_20210913_150120.jpg Graphic file (type bmp)
<images/Julia/IMG_20210913_150120.jpg>

Overfull \hbox (413.37465pt too wide) in paragraph at lines 220--221
 [][] 
 []


LaTeX Warning: Float too large for page by 24.0537pt on input line 225.

[9] [10] [11] [12] [13]
Underfull \hbox (badness 4096) in paragraph at lines 237--238
[]\TU/lmr/m/n/10 Bundesinformationszentrum Landwirtschaft, 2021. Milch. []$[][][][][] [] [] [] [][][] [] [][][][][][][][][][][][][][] [] [][] []
 []


Underfull \hbox (badness 10000) in paragraph at lines 237--238
[][][][][][][][][][][][][][][][][][][] [][] [][][][][][][][] [] [][][] [][] [][][][][][] [][] [][][][][][] [][] [][][][][][][][][][][][] [][] [][][][][][][] [] [][][][][][][][][] [][] [][][][][][][][] [] [][][][][][]$[]\TU/lmr/m/n/10 ,
 []

File: images/Jana/Bilder_bearbeitet/20210913_160232.jpg Graphic file (type bmp)
<images/Jana/Bilder_bearbeitet/20210913_160232.jpg>

Overfull \hbox (1023.4755pt too wide) in paragraph at lines 251--252
 [][] 
 []


LaTeX Warning: Float too large for page by 24.05809pt on input line 256.

File: images/Jana/Bilder_bearbeitet/20210913_164126.jpg Graphic file (type bmp)
<images/Jana/Bilder_bearbeitet/20210913_164126.jpg>

Overfull \hbox (125.26724pt too wide) in paragraph at lines 276--277
 [][] 
 []


LaTeX Warning: Float too large for page by 24.0497pt on input line 281.

File: images/Jana/Bilder_bearbeitet/20210913_164114.jpg Graphic file (type bmp)
<images/Jana/Bilder_bearbeitet/20210913_164114.jpg>

LaTeX Warning: Float too large for page by 24.05136pt on input line 292.

[14] [15] [16] [17]
Underfull \hbox (badness 10000) in paragraph at lines 304--306
[][][] [] [][][][][][][][][][][] [] [][] [] [][][][][][][][][][][][][][] [] [][][][][][][] [] [][][][][][][][][][] [][] [][][][][][][][][][][] [] [][][][][][][][][][][][][][] [] [][][][][][][][][][][][] []
 []


Underfull \hbox (badness 10000) in paragraph at lines 306--308
\TU/lmr/m/n/10 – die Kalkung. []$[][][][][] [] [] [] [][][] [] [][][][] [] [][] [] [][] [] [][][][][][] [] [][][][][][][][][][][][][][] [] [][][][][][][][][][][] [] [][][][][][][][][][][] []
 []

[18]
File: images/kristof/IMG_9142.jpg Graphic file (type bmp)
<images/kristof/IMG_9142.jpg>

Overfull \hbox (506.15154pt too wide) in paragraph at lines 327--328
 [][] 
 []


LaTeX Warning: Float too large for page by 24.05472pt on input line 332.

File: images/Jana/20210914_090755.jpg Graphic file (type bmp)
<images/Jana/20210914_090755.jpg>

Overfull \hbox (975.71889pt too wide) in paragraph at lines 340--341
 [][] 
 []


LaTeX Warning: Float too large for page by 24.07016pt on input line 345.

[19] [20] [21] [22]
File: images/Julia/IMG_20210914_121727.jpg Graphic file (type bmp)
<images/Julia/IMG_20210914_121727.jpg>

Overfull \hbox (397.30368pt too wide) in paragraph at lines 397--398
 [][] 
 []


LaTeX Warning: Float too large for page by 24.06688pt on input line 402.

File: images/Jana/20210914_123811.jpg Graphic file (type bmp)
<images/Jana/20210914_123811.jpg>

Overfull \hbox (976.91295pt too wide) in paragraph at lines 408--409
 [][] 
 []


LaTeX Warning: Float too large for page by 24.079pt on input line 413.

File: images/Julia/1.jpg Graphic file (type bmp)
<images/Julia/1.jpg>

Overfull \hbox (975.63593pt too wide) in paragraph at lines 417--418
 [][] 
 []


LaTeX Warning: Float too large for page by 24.05591pt on input line 422.

[23] [24] [25] [26]
File: images/Jana/20210914_125152.jpg Graphic file (type bmp)
<images/Jana/20210914_125152.jpg>

Overfull \hbox (972.11217pt too wide) in paragraph at lines 432--433
 [][] 
 []


LaTeX Warning: Float too large for page by 24.0693pt on input line 437.

[27] [28]
Underfull \hbox (badness 1924) in paragraph at lines 457--459
\TU/lmr/m/n/10 Zweckverbandes Neuenhaus, Niedergrafschaft, Emsland. Masterarbeit, Universität zu Köln,
 []


Overfull \hbox (12.6459pt too wide) in paragraph at lines 459--461
[]\TU/lmr/m/n/10 WAZ Niedergrafschaft, 2021. Wasseranalysen. []$[][][][][] [] [] [] [][][] [] [][][] [][] [][] [][] [][][][][][][][][] [] [][] [] [][][] [][] [][][][][][][][][][][][][][][][] []
 []

[29]
File: images/kristof/IMG_9157.jpg Graphic file (type bmp)
<images/kristof/IMG_9157.jpg>

Overfull \hbox (505.90398pt too wide) in paragraph at lines 498--499
 [][] 
 []


LaTeX Warning: Float too large for page by 24.0693pt on input line 503.

File: images/Maren/Dachsbracke_Herr_Mansfeldt.jpg Graphic file (type bmp)
<images/Maren/Dachsbracke_Herr_Mansfeldt.jpg>

Overfull \hbox (674.29022pt too wide) in paragraph at lines 509--510
 [][] 
 []


LaTeX Warning: Float too large for page by 14.8974pt on input line 514.


Underfull \hbox (badness 1810) in paragraph at lines 526--528
\TU/lmr/m/n/10 2020. Niedersächsisches Ministerium für Ernährung, Landwirtschaft und Verbraucherschutz;
 []

[30] [31] [32]
File: images/kristof/IMG_9172.jpg Graphic file (type bmp)
<images/kristof/IMG_9172.jpg>

Overfull \hbox (505.71872pt too wide) in paragraph at lines 540--541
 [][] 
 []


LaTeX Warning: Float too large for page by 24.05644pt on input line 545.

File: images/Maren/Esterweger_Dose_Abbau_png/IMG_9163.png Graphic file (type bmp)
<images/Maren/Esterweger_Dose_Abbau_png/IMG_9163.png>

Overfull \hbox (505.88481pt too wide) in paragraph at lines 551--552
 [][] 
 []


LaTeX Warning: Float too large for page by 24.05655pt on input line 556.

File: images/Maren/Esterweger_Dose_Abbau_png/IMG_9165.png Graphic file (type bmp)
<images/Maren/Esterweger_Dose_Abbau_png/IMG_9165.png>

Overfull \hbox (505.50777pt too wide) in paragraph at lines 560--561
 [][] 
 []


LaTeX Warning: Float too large for page by 24.06416pt on input line 565.

[33] [34] [35] [36]
Underfull \hbox (badness 2073) in paragraph at lines 581--583
[]\TU/lmr/m/n/10 NLWKN, 2012. Naturschutzgebiet “Esterweger Dose”. Niedersächsicher Landesbetrieb für
 []


Underfull \hbox (badness 1072) in paragraph at lines 581--583
\TU/lmr/m/n/10 Wasserwirtschaft, Küsten- und Naturschutz. []$[][][][][] [] [] [] [][][] [] [][][][][] [] [][][][][][][][][][][][][] [] [][] [] [][][][][][][][][][][] []
 []


Underfull \hbox (badness 10000) in paragraph at lines 581--583
[][][][][][][][][][][][][] [] [][][] [] [][][][][][][][][] [] [][][][][][][][][][][][][][][][][][] [] [][][][][][][][][][][][][][][][][] [][] [][][][][][][][][][] [][] [][][][] [][] [][][][][] [] [][][][]$[]\TU/lmr/m/n/10 ,
 []


Overfull \hbox (6.17798pt too wide) in paragraph at lines 587--588
[]\TU/lmr/m/n/10 Wichtmann, W., Wichmann, S., 2011. Paludikultur: Standortgerechte Bewirtschaftung wiedervernässter
 []

File: images/Jana/20210915_161912.jpg Graphic file (type bmp)
<images/Jana/20210915_161912.jpg>

Overfull \hbox (974.97676pt too wide) in paragraph at lines 597--598
 [][] 
 []


LaTeX Warning: Float too large for page by 24.07848pt on input line 602.

[37] [38]
Underfull \hbox (badness 10000) in paragraph at lines 614--616
[][][][][][][][][][][] [] [][] [] [][] [] [][][][][][][][][][][][][][][][] [] [][][][][][][][][][] [] [][][] [][] [][][][][][][][][][] [][] [][][] [][] [][][][][][][][][][][][][] [][] [][][][][][] [] [][][]$[]\TU/lmr/m/n/10 ,
 []

[39]
File: images/kristof/IMG_9246.jpg Graphic file (type bmp)
<images/kristof/IMG_9246.jpg>

Overfull \hbox (505.73706pt too wide) in paragraph at lines 649--650
 [][] 
 []


LaTeX Warning: Float too large for page by 24.5077pt on input line 654.

File: images/kristof/IMG_9234.jpg Graphic file (type bmp)
<images/kristof/IMG_9234.jpg>

Overfull \hbox (506.27998pt too wide) in paragraph at lines 660--661
 [][] 
 []


LaTeX Warning: Float too large for page by 24.06636pt on input line 665.

File: images/kristof/IMG_9207.jpg Graphic file (type bmp)
<images/kristof/IMG_9207.jpg>

Overfull \hbox (505.73517pt too wide) in paragraph at lines 669--670
 [][] 
 []


LaTeX Warning: Float too large for page by 24.06813pt on input line 674.

File: images/Christian vorsortiert/Bremerhaven/7616c34034aa318a533840ee8ca2c314.jpg Graphic file (type bmp)
<images/Christian vorsortiert/Bremerhaven/7616c34034aa318a533840ee8ca2c314.jpg>

Overfull \hbox (815.10071pt too wide) in paragraph at lines 683--684
 [][] 
 []

File: images/Christian vorsortiert/Bremerhaven/DAH_Kaje_c_DeutschesAuswandererhaus_lb-1040x688-c-default@3x.jpg Graphic file (type bmp)
<images/Christian vorsortiert/Bremerhaven/DAH_Kaje_c_DeutschesAuswandererhaus_lb-1040x688-c-default@3x.jpg>

Overfull \hbox (513.43849pt too wide) in paragraph at lines 697--698
 [][] 
 []


LaTeX Warning: Float too large for page by 36.4903pt on input line 702.

File: images/Christian vorsortiert/Bremerhaven/external-content.duckduckgo.com.jpg Graphic file (type bmp)
<images/Christian vorsortiert/Bremerhaven/external-content.duckduckgo.com.jpg>

Overfull \hbox (5.8035pt too wide) in paragraph at lines 708--709
 [][] 
 []

File: images/Christian vorsortiert/Bremen/signal-2021-12-09-141150.jpeg Graphic file (type bmp)
<images/Christian vorsortiert/Bremen/signal-2021-12-09-141150.jpeg>

Overfull \hbox (397.62836pt too wide) in paragraph at lines 727--728
 [][] 
 []


LaTeX Warning: Float too large for page by 24.03613pt on input line 732.

[40] [41] [42] [43] [44] [45] [46] [47]
File: images/Jana/20210916_175454.jpg Graphic file (type bmp)
<images/Jana/20210916_175454.jpg>

Overfull \hbox (973.65096pt too wide) in paragraph at lines 741--742
 [][] 
 []


LaTeX Warning: Float too large for page by 24.05365pt on input line 746.

File: images/Jana/20210915_211820.jpg Graphic file (type bmp)
<images/Jana/20210915_211820.jpg>

Overfull \hbox (972.82793pt too wide) in paragraph at lines 750--751
 [][] 
 []


LaTeX Warning: Float too large for page by 24.06725pt on input line 755.

File: images/kristof/IMG_20210916_194356.jpg Graphic file (type bmp)
<images/kristof/IMG_20210916_194356.jpg>

Overfull \hbox (890.47855pt too wide) in paragraph at lines 761--762
 [][] 
 []


LaTeX Warning: Float too large for page by 24.07848pt on input line 766.

File: images/kristof/IMG_20210916_194402.jpg Graphic file (type bmp)
<images/kristof/IMG_20210916_194402.jpg>

Overfull \hbox (890.77597pt too wide) in paragraph at lines 770--771
 [][] 
 []


LaTeX Warning: Float too large for page by 24.06088pt on input line 775.

[48] [49] [50] [51] [52]
File: images/Christian vorsortiert/Stade Aluminiumwerk/w_photo_2500sm_00880_hi_992x558.jpg Graphic file (type bmp)
<images/Christian vorsortiert/Stade Aluminiumwerk/w_photo_2500sm_00880_hi_992x558.jpg>

Overfull \hbox (526.0081pt too wide) in paragraph at lines 813--814
 [][] 
 []

File: images/Christian vorsortiert/Stade Aluminiumwerk/hafen_schiff_von_vorne.jpg Graphic file (type bmp)
<images/Christian vorsortiert/Stade Aluminiumwerk/hafen_schiff_von_vorne.jpg>
File: images/Christian vorsortiert/Stade Aluminiumwerk/hafen_luke.jpg Graphic file (type bmp)
<images/Christian vorsortiert/Stade Aluminiumwerk/hafen_luke.jpg>
File: images/Christian vorsortiert/Stade Aluminiumwerk/rohraufschluss.jpg Graphic file (type bmp)
<images/Christian vorsortiert/Stade Aluminiumwerk/rohraufschluss.jpg>
File: images/Christian vorsortiert/Stade Aluminiumwerk/ausruehrer_bei_nacht.jpg Graphic file (type bmp)
<images/Christian vorsortiert/Stade Aluminiumwerk/ausruehrer_bei_nacht.jpg>
File: images/Christian vorsortiert/Stade Aluminiumwerk/scheibenfilter-ef1.jpg Graphic file (type bmp)
<images/Christian vorsortiert/Stade Aluminiumwerk/scheibenfilter-ef1.jpg>
File: images/Christian vorsortiert/Stade Aluminiumwerk/versand_hydroxidlagerhalle.jpg Graphic file (type bmp)
<images/Christian vorsortiert/Stade Aluminiumwerk/versand_hydroxidlagerhalle.jpg>
[53] [54] [55] [56]
Underfull \hbox (badness 10000) in paragraph at lines 905--906
[]$[][][][][] [] [] [] [][][] [] [][][][][][][] [][] [][][][][] [] [][][] [] [][] [][] [][] [] [][][][] [][] [][][] [][] [][][][][] [] [][][][][][][] [] [][][][] [][] [][] [][] [][][][][][] [][] [][][][][][][]$[]\TU/lmr/m/n/10 , zuletzt
 []

[57] [58] [59]
File: images/Jana/Bilder_bearbeitet/IMG_9285.jpg Graphic file (type bmp)
<images/Jana/Bilder_bearbeitet/IMG_9285.jpg>

Overfull \hbox (1606.56288pt too wide) in paragraph at lines 967--968
 [][] 
 []


LaTeX Warning: Float too large for page by 24.0824pt on input line 972.

[60] [61]
File: images/Jana/Bilder_bearbeitet/IMG_9290.jpg Graphic file (type bmp)
<images/Jana/Bilder_bearbeitet/IMG_9290.jpg>

Overfull \hbox (836.04434pt too wide) in paragraph at lines 987--988
 [][] 
 []


LaTeX Warning: Float too large for page by 36.08981pt on input line 992.

[62] [63]
File: images/Jana/Bilder_bearbeitet/20210918_113448.jpg Graphic file (type bmp)
<images/Jana/Bilder_bearbeitet/20210918_113448.jpg>

Overfull \hbox (1758.40868pt too wide) in paragraph at lines 1026--1027
 [][] 
 []


LaTeX Warning: Float too large for page by 35.9403pt on input line 1031.

File: images/Jana/Bilder_bearbeitet/20210918_113943.jpg Graphic file (type bmp)
<images/Jana/Bilder_bearbeitet/20210918_113943.jpg>

Overfull \hbox (9.34451pt too wide) in paragraph at lines 1039--1040
 [][] 
 []


LaTeX Warning: Float too large for page by 24.04881pt on input line 1044.


Underfull \hbox (badness 5036) in paragraph at lines 1052--1054
[]\TU/lmr/m/n/10 Holcim, 2022. Geologie und Kreidegewinnung. []$[][][][][] [] [] [] [][][] [] [][][][][][] [] [][] [] [][] [] [][][][][][][][] [][] [][][] [][]
 []

File: images/Jana/Bilder_bearbeitet/20210918_122458.jpg Graphic file (type bmp)
<images/Jana/Bilder_bearbeitet/20210918_122458.jpg>

Overfull \hbox (890.30547pt too wide) in paragraph at lines 1068--1069
 [][] 
 []


LaTeX Warning: Float too large for page by 24.07503pt on input line 1073.

[64] [65] [66] [67] [68]
File: images/Jana/Bilder_bearbeitet/IMG_20210918_145533.jpg Graphic file (type bmp)
<images/Jana/Bilder_bearbeitet/IMG_20210918_145533.jpg>

Overfull \hbox (397.24939pt too wide) in paragraph at lines 1093--1094
 [][] 
 []


LaTeX Warning: Float too large for page by 24.06966pt on input line 1098.

File: images/Jana/Bilder_bearbeitet/20210918_153527.jpg Graphic file (type bmp)
<images/Jana/Bilder_bearbeitet/20210918_153527.jpg>

LaTeX Warning: Float too large for page by 24.03233pt on input line 1109.

[69] [70] [71]
File: images/Flow/Friedrichstadt1.jpeg Graphic file (type bmp)
<images/Flow/Friedrichstadt1.jpeg>

Overfull \hbox (17.86917pt too wide) in paragraph at lines 1171--1172
 [][] 
 []


LaTeX Warning: Float too large for page by 24.0448pt on input line 1176.

File: images/Flow/Friedrichstadt2.jpeg Graphic file (type bmp)
<images/Flow/Friedrichstadt2.jpeg>

Overfull \hbox (397.85236pt too wide) in paragraph at lines 1182--1183
 [][] 
 []


LaTeX Warning: Float too large for page by 24.06631pt on input line 1187.

[72] [73]
Underfull \hbox (badness 2894) in paragraph at lines 1194--1195
[]\TU/lmr/m/n/10 Nordseetourismus Friedrichstadt, 2021. Abrufbar unter: []$[][][][][] [] [] [] [][][] [] [][][][][][][][][][][][][][][][] [] [][] []
 []

File: images/Flow/IMG_6983.jpg Graphic file (type bmp)
<images/Flow/IMG_6983.jpg>

Overfull \hbox (397.81767pt too wide) in paragraph at lines 1210--1211
 [][] 
 []


LaTeX Warning: Float too large for page by 24.06088pt on input line 1215.

File: images/Flow/J-Roehre.png Graphic file (type bmp)
<images/Flow/J-Roehre.png>

Overfull \hbox (232.65872pt too wide) in paragraph at lines 1223--1223
[][] 
 []


LaTeX Warning: Float too large for page by 24.52432pt on input line 1224.

File: images/Flow/Salzwiese.png Graphic file (type bmp)
<images/Flow/Salzwiese.png>

Overfull \hbox (674.29022pt too wide) in paragraph at lines 1229--1229
[][] 
 []

[74] [75] [76] [77] [78] [79] [80]
Underfull \hbox (badness 10000) in paragraph at lines 1296--1298
[][][][][][][][][][] [] [][] [] [][] [] [][][][][][][][][][][][] [] [][][][][][][][][][][][][][][][][][] [] [][][][][][][][][][][][] [] [][][][][][][][] [][] [][][][][][][][][][][][] [][] [][][][][][][][] [][] [][][] [][]
 []


Underfull \hbox (badness 2368) in paragraph at lines 1300--1302
[]\TU/lmr/m/n/10 NABU, 2022b. Altlasten und Schmuckstücke. []$[][][][][] [] [] [] [][][] [] [][][][] [] [][] [] [][][][][] [][] [][][] [][] [][][][][][][][][][] []
 []


Overfull \hbox (17.389pt too wide) in paragraph at lines 1302--1303
[]\TU/lmr/m/n/10 Willinger, G., 2019. Arche Truppenübungsplatz. []$[][][][][] [] [] [] [][][] [] [][][][][][][][] [] [][] [] [][][][] [] [][][][][][][][][][][][][][][][][][][][][] [][]
 []

File: images/Flow/IMG_6996.jpg Graphic file (type bmp)
<images/Flow/IMG_6996.jpg>

Overfull \hbox (397.64958pt too wide) in paragraph at lines 1312--1313
 [][] 
 []


LaTeX Warning: Float too large for page by 24.04813pt on input line 1317.

File: images/Jana/20210920_182809.jpg Graphic file (type bmp)
<images/Jana/20210920_182809.jpg>

Overfull \hbox (973.98541pt too wide) in paragraph at lines 1327--1328
 [][] 
 []


LaTeX Warning: Float too large for page by 24.04599pt on input line 1332.

[81] [82] [83]
File: images/Flow/IMG_7004.jpg Graphic file (type bmp)
<images/Flow/IMG_7004.jpg>

Overfull \hbox (398.12221pt too wide) in paragraph at lines 1361--1362
 [][] 
 []


LaTeX Warning: Float too large for page by 24.07327pt on input line 1366.

[84] [85]
Underfull \hbox (badness 1895) in paragraph at lines 1397--1399
\TU/lmr/m/n/10 lagen in 23758 Wangels (Kreis Ostholstein) - Az. G20/2013/121-127. []$[][][][][] [] [] [] [][][] [] [][][] [][]
 []


Underfull \hbox (badness 10000) in paragraph at lines 1397--1399
[][][][][][][] [] [][] [] [][][][][][][][][][][][][][] [] [][][] [] [][][][][][][][][][][][][][][][][][][][][][][][][][] [] [][][][][][][][] [][] [][][][] [][] [][][][] [][] [][][][] [][]
 []

File: images/Jana/Bilder_bearbeitet/20210921_130647.jpg Graphic file (type bmp)
<images/Jana/Bilder_bearbeitet/20210921_130647.jpg>

LaTeX Warning: Float too large for page by 24.06226pt on input line 1412.

[86] [87]
File: images/kristof/IMG_9487.jpg Graphic file (type bmp)
<images/kristof/IMG_9487.jpg>

Overfull \hbox (505.72124pt too wide) in paragraph at lines 1438--1439
 [][] 
 []


LaTeX Warning: Float too large for page by 24.04045pt on input line 1443.

File: images/kristof/IMG_9451.jpg Graphic file (type bmp)
<images/kristof/IMG_9451.jpg>

Overfull \hbox (505.77254pt too wide) in paragraph at lines 1447--1448
 [][] 
 []


LaTeX Warning: Float too large for page by 24.07332pt on input line 1452.


Underfull \hbox (badness 10000) in paragraph at lines 1460--1462
[][][][][][][][][] [][] [][][][][][][][] [] [][][][] [] [][] [] [][][][][] [][] [][][] [][] [][][][][][][][][][] [] [][][][] [][] [][][][][][][][][][][][][] [] [][][][][][][] [][] [][][][][][][][][] [] [][][][][] [] [][][][]$[]\TU/lmr/m/n/10 ,
 []

[88] [89] [90]
File: images/kristof/IMG_9502.jpg Graphic file (type bmp)
<images/kristof/IMG_9502.jpg>

Overfull \hbox (505.88565pt too wide) in paragraph at lines 1487--1488
 [][] 
 []


LaTeX Warning: Float too large for page by 24.05707pt on input line 1492.

File: images/kristof/IMG_9499.jpg Graphic file (type bmp)
<images/kristof/IMG_9499.jpg>

Overfull \hbox (505.89917pt too wide) in paragraph at lines 1496--1497
 [][] 
 []


LaTeX Warning: Float too large for page by 24.06612pt on input line 1501.

File: images/Christian vorsortiert/Estliches Hegelland/Kaltzeiten.jpg Graphic file (type bmp)
<images/Christian vorsortiert/Estliches Hegelland/Kaltzeiten.jpg>
File: images/Christian vorsortiert/Estliches Hegelland/Saale-vereisung.png Graphic file (type bmp)
<images/Christian vorsortiert/Estliches Hegelland/Saale-vereisung.png>
File: images/Christian vorsortiert/Estliches Hegelland/Weichselvereisung - Kopie.png Graphic file (type bmp)
<images/Christian vorsortiert/Estliches Hegelland/Weichselvereisung - Kopie.png>
File: images/Christian vorsortiert/Estliches Hegelland/Ebersichtkart.png Graphic file (type bmp)
<images/Christian vorsortiert/Estliches Hegelland/Ebersichtkart.png>
File: images/kristof/IMG_9509.jpg Graphic file (type bmp)
<images/kristof/IMG_9509.jpg>

Overfull \hbox (506.01704pt too wide) in paragraph at lines 1559--1560
 [][] 
 []


LaTeX Warning: Float too large for page by 24.05548pt on input line 1564.

File: images/kristof/IMG_9514.jpg Graphic file (type bmp)
<images/kristof/IMG_9514.jpg>

Overfull \hbox (505.71175pt too wide) in paragraph at lines 1568--1569
 [][] 
 []


LaTeX Warning: Float too large for page by 24.04962pt on input line 1573.

File: images/Jana/20210922_111459.jpg Graphic file (type bmp)
<images/Jana/20210922_111459.jpg>

Overfull \hbox (974.5977pt too wide) in paragraph at lines 1582--1583
 [][] 
 []


LaTeX Warning: Float too large for page by 24.05847pt on input line 1587.

[91] [92] [93] [94] [95] [96] [97] [98] [99] [100]
File: images/Christian vorsortiert/Estliches Hegelland/Toteisschema.png Graphic file (type bmp)
<images/Christian vorsortiert/Estliches Hegelland/Toteisschema.png>

Overfull \hbox (430.73222pt too wide) in paragraph at lines 1593--1594
 [][] 
 []


Underfull \hbox (badness 10000) in paragraph at lines 1610--1612
[]$[][][][][] [] [] [] [][][][][][] [] [][][][][][][][] [][] [][][][][][] [] [][] [] [][][][][][][][] [][] [][][][][][][][] [][] [][][][][][][][][] [][] [][][] [][] [][][][][][][][][][][][][][][][]$[]\TU/lmr/m/n/10 , zuletzt
 []

File: images/Julia/IMG_20210922_121215.jpg Graphic file (type bmp)
<images/Julia/IMG_20210922_121215.jpg>

Overfull \hbox (396.82466pt too wide) in paragraph at lines 1632--1633
 [][] 
 []


LaTeX Warning: Float too large for page by 24.0402pt on input line 1637.

[101] [102] [103]
File: images/Julia/IMG_20210922_125904.jpg Graphic file (type bmp)
<images/Julia/IMG_20210922_125904.jpg>

Overfull \hbox (397.48068pt too wide) in paragraph at lines 1643--1644
 [][] 
 []


LaTeX Warning: Float too large for page by 24.0568pt on input line 1648.

File: images/Julia/IMG_20210922_130409.jpg Graphic file (type bmp)
<images/Julia/IMG_20210922_130409.jpg>

Overfull \hbox (18.48062pt too wide) in paragraph at lines 1654--1655
 [][] 
 []


LaTeX Warning: Float too large for page by 24.04845pt on input line 1659.


Underfull \hbox (badness 1902) in paragraph at lines 1671--1672
[]\TU/lmr/m/n/10 Hansestadt Lübeck, 2022c. Gänge und Höfe – die verborgene Schönheit der Hansestadt.
 []


Underfull \hbox (badness 10000) in paragraph at lines 1671--1672
[]$[][][][][] [] [] [] [][][] [] [][][][][][][] [] [][] [] [][] [] [][][][][][][][][][] [] [][][][][][][][][] [] [][][][][][][] [] [][][][][][][][][][][][][][][][][][][] [] [][][][][][] [][] [][][] [][]
 []

File: images/Julia/IMG_20210922_153514.jpg Graphic file (type bmp)
<images/Julia/IMG_20210922_153514.jpg>

Overfull \hbox (398.29532pt too wide) in paragraph at lines 1681--1682
 [][] 
 []


LaTeX Warning: Float too large for page by 24.06609pt on input line 1686.

[104] [105] [106] [107]
File: images/Julia/IMG_20210922_143215.jpg Graphic file (type bmp)
<images/Julia/IMG_20210922_143215.jpg>

Overfull \hbox (396.44032pt too wide) in paragraph at lines 1694--1695
 [][] 
 []


LaTeX Warning: Float too large for page by 24.06459pt on input line 1699.

File: images/Jana/20210922_142552.jpg Graphic file (type bmp)
<images/Jana/20210922_142552.jpg>

Overfull \hbox (976.42537pt too wide) in paragraph at lines 1705--1706
 [][] 
 []


LaTeX Warning: Float too large for page by 24.07744pt on input line 1710.

File: images/Jana/20210922_145000.jpg Graphic file (type bmp)
<images/Jana/20210922_145000.jpg>

Overfull \hbox (973.24379pt too wide) in paragraph at lines 1716--1717
 [][] 
 []


LaTeX Warning: Float too large for page by 24.05324pt on input line 1721.


Underfull \hbox (badness 1430) in paragraph at lines 1733--1736
[]\TU/lmr/m/n/10 Gesellschaft zur Erhaltung alter und gefährdeter Haustierrassen e.V. (GEH), 2022. Angler
 []


Underfull \hbox (badness 10000) in paragraph at lines 1733--1736
\TU/lmr/m/n/10 Sattelschwein. []$[][][][][] [] [] [] [][][] [] [] [][] [] [][] [] [] [][] [] [][][][][] [] [][][] [] [][][][][][][][][][][][][][][][][][][] [] [][] [][] [][][][][][][][] [] [][] [][] [][][][][][] [][]
 []

[108] [109] [110] [111]
File: images/kristof/IMG_9587.jpg Graphic file (type bmp)
<images/kristof/IMG_9587.jpg>

Overfull \hbox (506.13362pt too wide) in paragraph at lines 1759--1760
 [][] 
 []


LaTeX Warning: Float too large for page by 24.074pt on input line 1764.

File: images/kristof/IMG_20210923_115311.jpg Graphic file (type bmp)
<images/kristof/IMG_20210923_115311.jpg>

Overfull \hbox (397.68285pt too wide) in paragraph at lines 1770--1771
 [][] 
 []


LaTeX Warning: Float too large for page by 24.05452pt on input line 1775.

[112] [113]
File: images/Jana/Bilder_bearbeitet/IMG_9601.jpg Graphic file (type bmp)
<images/Jana/Bilder_bearbeitet/IMG_9601.jpg>

Overfull \hbox (506.04308pt too wide) in paragraph at lines 1785--1786
 [][] 
 []


LaTeX Warning: Float too large for page by 24.05013pt on input line 1790.


Underfull \hbox (badness 3108) in paragraph at lines 1808--1809
\TU/lmr/m/n/10 sche Boddenlandschaft. []$[][][][][] [] [] [] [][][] [] [][][][][][][][][][][][] [][] [][][][][][][][][][][][][] [][] [][][][][][][][][][][][][][][][] [] [][] [] [][][][][][] [][]
 []

[114] [115] [116]
File: images/Julia/IMG_20210924_110239.jpg Graphic file (type bmp)
<images/Julia/IMG_20210924_110239.jpg>
File: images/Julia/IMG_20210924_110051.jpg Graphic file (type bmp)
<images/Julia/IMG_20210924_110051.jpg>
[117] [118] [119]
File: images/Julia/IMG_20210924_114524.jpg Graphic file (type bmp)
<images/Julia/IMG_20210924_114524.jpg>
File: images/Julia/IMG_20210924_114333.jpg Graphic file (type bmp)
<images/Julia/IMG_20210924_114333.jpg>
[120] [121]
File: images/Flow/IMG_7062.jpg Graphic file (type bmp)
<images/Flow/IMG_7062.jpg>

Overfull \hbox (18.52596pt too wide) in paragraph at lines 1900--1900
[][] 
 []


LaTeX Warning: Float too large for page by 24.01848pt on input line 1901.

[122] [123] [124]
File: images/Jana/20210920_182809.jpg Graphic file (type bmp)
<images/Jana/20210920_182809.jpg>

Overfull \hbox (973.98541pt too wide) in paragraph at lines 1961--1961
 [] 
 []

[125]
File: images/maren/duck.jpg Graphic file (type bmp)
<images/maren/duck.jpg>

Overfull \hbox (18.08319pt too wide) in paragraph at lines 1963--1963
 [] 
 []

[126] [127] [128] (./_main.aux)
Package rerunfilecheck Info: File `_main.out' has not changed.
(rerunfilecheck)             Checksum: 81242B3FA3AF9C831F98EB4E507CE969;9005.
 ) 
Here is how much of TeX's memory you used:
 19030 strings out of 478181
 403706 string characters out of 5852708
 782447 words of memory out of 5000000
 39314 multiletter control sequences out of 15000+600000
 475678 words of font info for 77 fonts, out of 8000000 for 9000
 14 hyphenation exceptions out of 8191
 86i,6n,121p,2736b,433s stack positions out of 5000i,500n,10000p,200000b,80000s

Output written on _main.pdf (128 pages).
